<?xml version="1.0" encoding="UTF-8"?>
<!-- Generated by org.testng.reporters.JUnitReportReporter -->
<testsuite skipped="0" hostname="DESKTOP-8BOHQPS" name="com.prestashop.test.LoginPositiveScenarios" tests="1" failures="0" timestamp="20 Jun 2018 22:19:08 GMT" time="47.143" errors="0">
  <testcase name="loginTest" time="47.143" classname="com.prestashop.test.LoginPositiveScenarios"/>
</testsuite> <!-- com.prestashop.test.LoginPositiveScenarios -->
