<?xml version="1.0" encoding="UTF-8"?>
<!-- Generated by org.testng.reporters.JUnitReportReporter -->
<testsuite skipped="0" hostname="DESKTOP-8BOHQPS" name="com.prestashop.test.NegativeTestScenarios" tests="4" failures="0" timestamp="20 Jun 2018 19:37:34 GMT" time="16.221" errors="0">
  <testcase name="blankPasswordTest" time="3.813" classname="com.prestashop.test.NegativeTestScenarios"/>
  <testcase name="wrongCredentialTest" time="3.542" classname="com.prestashop.test.NegativeTestScenarios"/>
  <testcase name="invalidEmailTest" time="3.665" classname="com.prestashop.test.NegativeTestScenarios"/>
  <testcase name="blankEmailTest" time="5.201" classname="com.prestashop.test.NegativeTestScenarios"/>
</testsuite> <!-- com.prestashop.test.NegativeTestScenarios -->
